Started GET "/" for 127.0.0.1 at 2018-01-09 19:10:54 -0200
  [1m[35m (2.2ms)[0m  [1m[34mSELECT "schema_migrations"."version" FROM "schema_migrations" ORDER BY "schema_migrations"."version" ASC[0m
Processing by PagesController#home as HTML
  Rendering pages/home.html.erb within layouts/application
Started GET "/" for 127.0.0.1 at 2018-01-09 19:10:58 -0200
Processing by PagesController#home as HTML
  Rendering pages/home.html.erb within layouts/application
  [1m[36mProject Load (206.1ms)[0m  [1m[34mSELECT "projects".* FROM "projects"[0m
  [1m[36mProject Load (1.1ms)[0m  [1m[34mSELECT "projects".* FROM "projects"[0m
  Rendered shared/_project-card.html.erb (502.9ms)
  Rendered shared/_project-card.html.erb (46.0ms)
  [1m[36mBlogPost Load (24.9ms)[0m  [1m[34mSELECT "blog_posts".* FROM "blog_posts"[0m
  [1m[36mBlogPost Load (27.2ms)[0m  [1m[34mSELECT "blog_posts".* FROM "blog_posts"[0m
  Rendered shared/_post-listing.html.erb (44.0ms)
  Rendered shared/_post-listing.html.erb (43.3ms)
  Rendered shared/_social-links.html.erb (1.5ms)
  Rendered pages/home.html.erb within layouts/application (28972.7ms)
  Rendered shared/_social-links.html.erb (1.4ms)
Completed 500 Internal Server Error in 28988ms (ActiveRecord: 293.6ms)


  Rendered pages/home.html.erb within layouts/application (25478.3ms)
  
Completed 500 Internal Server Error in 25491ms (ActiveRecord: 58.6ms)


SyntaxError (/Users/joaomarcelomartins/code/joaomarcelofm/joaomarcelomartins/app/views/layouts/application.html.erb:13: syntax error, unexpected tLABEL
...n_link_tag 'favicon.png'), rel: 'icon', type:  'image/png' )...
...                               ^
/Users/joaomarcelomartins/code/joaomarcelofm/joaomarcelomartins/app/views/layouts/application.html.erb:13: syntax error, unexpected ',', expecting keyword_end
...ag 'favicon.png'), rel: 'icon', type:  'image/png' );@output...
...                               ^
/Users/joaomarcelomartins/code/joaomarcelofm/joaomarcelomartins/app/views/layouts/application.html.erb:13: syntax error, unexpected ')', expecting keyword_end
...l: 'icon', type:  'image/png' );@output_buffer.safe_append='
...                               ^):
  
app/views/layouts/application.html.erb:13: syntax error, unexpected tLABEL
app/views/layouts/application.html.erb:13: syntax error, unexpected ',', expecting keyword_end
app/views/layouts/application.html.erb:13: syntax error, unexpected ')', expecting keyword_end
  
SyntaxError (/Users/joaomarcelomartins/code/joaomarcelofm/joaomarcelomartins/app/views/layouts/application.html.erb:13: syntax error, unexpected tLABEL
...n_link_tag 'favicon.png'), rel: 'icon', type:  'image/png' )...
...                               ^
/Users/joaomarcelomartins/code/joaomarcelofm/joaomarcelomartins/app/views/layouts/application.html.erb:13: syntax error, unexpected ',', expecting keyword_end
...ag 'favicon.png'), rel: 'icon', type:  'image/png' );@output...
...                               ^
/Users/joaomarcelomartins/code/joaomarcelofm/joaomarcelomartins/app/views/layouts/application.html.erb:13: syntax error, unexpected ')', expecting keyword_end
...l: 'icon', type:  'image/png' );@output_buffer.safe_append='
...                               ^):
  
app/views/layouts/application.html.erb:13: syntax error, unexpected tLABEL
app/views/layouts/application.html.erb:13: syntax error, unexpected ',', expecting keyword_end
app/views/layouts/application.html.erb:13: syntax error, unexpected ')', expecting keyword_end
Started GET "/" for 127.0.0.1 at 2018-01-09 19:18:02 -0200
Processing by PagesController#home as HTML
  Rendering pages/home.html.erb within layouts/application
  [1m[36mProject Load (0.6ms)[0m  [1m[34mSELECT "projects".* FROM "projects"[0m
  Rendered shared/_project-card.html.erb (4.7ms)
  [1m[36mBlogPost Load (0.7ms)[0m  [1m[34mSELECT "blog_posts".* FROM "blog_posts"[0m
  Rendered shared/_post-listing.html.erb (3.7ms)
  Rendered shared/_social-links.html.erb (1.8ms)
  Rendered pages/home.html.erb within layouts/application (18.9ms)
  Rendered shared/_navbar.html.erb (2.7ms)
[Webpacker] Compiling…
[Webpacker] Compiled all packs in /Users/joaomarcelomartins/code/joaomarcelofm/joaomarcelomartins/public/packs
Completed 200 OK in 2167ms (Views: 2163.7ms | ActiveRecord: 1.3ms)


Started GET "/" for 127.0.0.1 at 2018-01-09 19:18:12 -0200
Processing by PagesController#home as HTML
  Rendering pages/home.html.erb within layouts/application
  [1m[36mProject Load (0.8ms)[0m  [1m[34mSELECT "projects".* FROM "projects"[0m
  Rendered shared/_project-card.html.erb (4.9ms)
  [1m[36mBlogPost Load (0.7ms)[0m  [1m[34mSELECT "blog_posts".* FROM "blog_posts"[0m
  Rendered shared/_post-listing.html.erb (3.1ms)
  Rendered shared/_social-links.html.erb (2.1ms)
  Rendered pages/home.html.erb within layouts/application (19.3ms)
  Rendered shared/_navbar.html.erb (2.1ms)
Completed 200 OK in 68ms (Views: 63.6ms | ActiveRecord: 1.5ms)


Started GET "/" for 127.0.0.1 at 2018-01-09 19:18:44 -0200
Processing by PagesController#home as HTML
  Rendering pages/home.html.erb within layouts/application
  [1m[36mProject Load (0.3ms)[0m  [1m[34mSELECT "projects".* FROM "projects"[0m
  Rendered shared/_project-card.html.erb (2.8ms)
  [1m[36mBlogPost Load (0.4ms)[0m  [1m[34mSELECT "blog_posts".* FROM "blog_posts"[0m
  Rendered shared/_post-listing.html.erb (1.9ms)
  Rendered shared/_social-links.html.erb (1.2ms)
  Rendered pages/home.html.erb within layouts/application (11.5ms)
  Rendered shared/_navbar.html.erb (3.4ms)
Completed 200 OK in 70ms (Views: 68.0ms | ActiveRecord: 0.7ms)


Started GET "/" for 127.0.0.1 at 2018-01-09 19:18:58 -0200
Processing by PagesController#home as HTML
  Rendering pages/home.html.erb within layouts/application
  [1m[36mProject Load (0.4ms)[0m  [1m[34mSELECT "projects".* FROM "projects"[0m
  Rendered shared/_project-card.html.erb (3.4ms)
  [1m[36mBlogPost Load (1.3ms)[0m  [1m[34mSELECT "blog_posts".* FROM "blog_posts"[0m
  Rendered shared/_post-listing.html.erb (3.3ms)
  Rendered shared/_social-links.html.erb (1.9ms)
  Rendered pages/home.html.erb within layouts/application (16.8ms)
  Rendered shared/_navbar.html.erb (2.2ms)
Completed 200 OK in 62ms (Views: 58.2ms | ActiveRecord: 1.7ms)


Started GET "/" for 127.0.0.1 at 2018-01-09 19:19:12 -0200
  [1m[35m (9.8ms)[0m  [1m[34mSELECT "schema_migrations"."version" FROM "schema_migrations" ORDER BY "schema_migrations"."version" ASC[0m
Processing by PagesController#home as HTML
  Rendering pages/home.html.erb within layouts/application
  [1m[36mProject Load (1.0ms)[0m  [1m[34mSELECT "projects".* FROM "projects"[0m
  Rendered shared/_project-card.html.erb (31.5ms)
  [1m[36mBlogPost Load (0.6ms)[0m  [1m[34mSELECT "blog_posts".* FROM "blog_posts"[0m
  Rendered shared/_post-listing.html.erb (21.0ms)
  Rendered shared/_social-links.html.erb (1.9ms)
  Rendered pages/home.html.erb within layouts/application (1396.2ms)
  Rendered shared/_navbar.html.erb (1.9ms)
Completed 200 OK in 1455ms (Views: 1439.9ms | ActiveRecord: 12.5ms)


Started GET "/" for 127.0.0.1 at 2018-01-09 19:20:46 -0200
Processing by PagesController#home as HTML
  Rendering pages/home.html.erb within layouts/application
  [1m[36mProject Load (0.6ms)[0m  [1m[34mSELECT "projects".* FROM "projects"[0m
  Rendered shared/_project-card.html.erb (4.3ms)
  [1m[36mBlogPost Load (0.5ms)[0m  [1m[34mSELECT "blog_posts".* FROM "blog_posts"[0m
  Rendered shared/_post-listing.html.erb (2.4ms)
  Rendered shared/_social-links.html.erb (1.8ms)
  Rendered pages/home.html.erb within layouts/application (15.1ms)
  Rendered shared/_navbar.html.erb (14.1ms)
Completed 200 OK in 72ms (Views: 68.5ms | ActiveRecord: 1.1ms)


Started GET "/" for 127.0.0.1 at 2018-01-09 19:23:51 -0200
Processing by PagesController#home as HTML
  Rendering pages/home.html.erb within layouts/application
  [1m[36mProject Load (0.4ms)[0m  [1m[34mSELECT "projects".* FROM "projects"[0m
  Rendered shared/_project-card.html.erb (5.6ms)
  [1m[36mBlogPost Load (0.8ms)[0m  [1m[34mSELECT "blog_posts".* FROM "blog_posts"[0m
  Rendered shared/_post-listing.html.erb (3.1ms)
  Rendered shared/_social-links.html.erb (1.4ms)
  Rendered pages/home.html.erb within layouts/application (18.1ms)
  Rendered shared/_navbar.html.erb (9.1ms)
Completed 200 OK in 101ms (Views: 96.8ms | ActiveRecord: 1.2ms)


